Copyright 1986-2018 Xilinx, Inc. All Rights Reserved.
----------------------------------------------------------------------------------------------------------------------------------------------------------------------
| Tool Version     : Vivado v.2018.3 (win64) Build 2405991 Thu Dec  6 23:38:27 MST 2018
| Date             : Sun Jun 13 17:21:13 2021
| Host             : DESKTOP-G5VPU6Q running 64-bit major release  (build 9200)
| Command          : report_power -file design_1_wrapper_power_routed.rpt -pb design_1_wrapper_power_summary_routed.pb -rpx design_1_wrapper_power_routed.rpx
| Design           : design_1_wrapper
| Device           : xc7z020clg484-1
| Design State     : routed
| Grade            : commercial
| Process          : typical
| Characterization : Production
----------------------------------------------------------------------------------------------------------------------------------------------------------------------

Power Report

Table of Contents
-----------------
1. Summary
1.1 On-Chip Components
1.2 Power Supply Summary
1.3 Confidence Level
2. Settings
2.1 Environment
2.2 Clock Constraints
3. Detailed Reports
3.1 By Hierarchy

1. Summary
----------

+--------------------------+--------------+
| Total On-Chip Power (W)  | 2.515        |
| Design Power Budget (W)  | Unspecified* |
| Power Budget Margin (W)  | NA           |
| Dynamic (W)              | 2.348        |
| Device Static (W)        | 0.168        |
| Effective TJA (C/W)      | 11.5         |
| Max Ambient (C)          | 56.0         |
| Junction Temperature (C) | 54.0         |
| Confidence Level         | Medium       |
| Setting File             | ---          |
| Simulation Activity File | ---          |
| Design Nets Matched      | NA           |
+--------------------------+--------------+
* Specify Design Power Budget using, set_operating_conditions -design_power_budget <value in Watts>


1.1 On-Chip Components
----------------------

+--------------------------+-----------+----------+-----------+-----------------+
| On-Chip                  | Power (W) | Used     | Available | Utilization (%) |
+--------------------------+-----------+----------+-----------+-----------------+
| Clocks                   |     0.107 |        6 |       --- |             --- |
| Slice Logic              |     0.237 |   164304 |       --- |             --- |
|   LUT as Logic           |     0.197 |    43987 |     53200 |           82.68 |
|   Register               |     0.024 |    77744 |    106400 |           73.07 |
|   LUT as Shift Register  |     0.009 |     2756 |     17400 |           15.84 |
|   CARRY4                 |     0.007 |     4484 |     13300 |           33.71 |
|   F7/F8 Muxes            |    <0.001 |      970 |     53200 |            1.82 |
|   LUT as Distributed RAM |    <0.001 |       58 |     17400 |            0.33 |
|   Others                 |     0.000 |    21294 |       --- |             --- |
| Signals                  |     0.317 |   101347 |       --- |             --- |
| Block RAM                |     0.011 |        8 |       140 |            5.71 |
| MMCM                     |     0.105 |        1 |         4 |           25.00 |
| DSPs                     |     0.041 |      128 |       220 |           58.18 |
| PS7                      |     1.530 |        1 |       --- |             --- |
| Static Power             |     0.168 |          |           |                 |
| Total                    |     2.515 |          |           |                 |
+--------------------------+-----------+----------+-----------+-----------------+


1.2 Power Supply Summary
------------------------

+-----------+-------------+-----------+-------------+------------+
| Source    | Voltage (V) | Total (A) | Dynamic (A) | Static (A) |
+-----------+-------------+-----------+-------------+------------+
| Vccint    |       1.000 |     0.734 |       0.711 |      0.022 |
| Vccaux    |       1.800 |     0.077 |       0.058 |      0.019 |
| Vcco33    |       3.300 |     0.000 |       0.000 |      0.000 |
| Vcco25    |       2.500 |     0.000 |       0.000 |      0.000 |
| Vcco18    |       1.800 |     0.000 |       0.000 |      0.000 |
| Vcco15    |       1.500 |     0.000 |       0.000 |      0.000 |
| Vcco135   |       1.350 |     0.000 |       0.000 |      0.000 |
| Vcco12    |       1.200 |     0.000 |       0.000 |      0.000 |
| Vccaux_io |       1.800 |     0.000 |       0.000 |      0.000 |
| Vccbram   |       1.000 |     0.003 |       0.001 |      0.002 |
| MGTAVcc   |       1.000 |     0.000 |       0.000 |      0.000 |
| MGTAVtt   |       1.200 |     0.000 |       0.000 |      0.000 |
| MGTVccaux |       1.800 |     0.000 |       0.000 |      0.000 |
| Vccpint   |       1.000 |     0.761 |       0.719 |      0.042 |
| Vccpaux   |       1.800 |     0.061 |       0.051 |      0.010 |
| Vccpll    |       1.800 |     0.017 |       0.014 |      0.003 |
| Vcco_ddr  |       1.500 |     0.459 |       0.457 |      0.002 |
| Vcco_mio0 |       3.300 |     0.003 |       0.002 |      0.001 |
| Vcco_mio1 |       1.800 |     0.003 |       0.002 |      0.001 |
| Vccadc    |       1.800 |     0.020 |       0.000 |      0.020 |
+-----------+-------------+-----------+-------------+------------+


1.3 Confidence Level
--------------------

+-----------------------------+------------+------------------------------------------------+------------------------------------------------------------------------------------------------------------+
| User Input Data             | Confidence | Details                                        | Action                                                                                                     |
+-----------------------------+------------+------------------------------------------------+------------------------------------------------------------------------------------------------------------+
| Design implementation state | High       | Design is routed                               |                                                                                                            |
| Clock nodes activity        | High       | User specified more than 95% of clocks         |                                                                                                            |
| I/O nodes activity          | High       | User specified more than 95% of inputs         |                                                                                                            |
| Internal nodes activity     | Medium     | User specified less than 25% of internal nodes | Provide missing internal nodes activity with simulation results or by editing the "By Resource Type" views |
| Device models               | High       | Device models are Production                   |                                                                                                            |
|                             |            |                                                |                                                                                                            |
| Overall confidence level    | Medium     |                                                |                                                                                                            |
+-----------------------------+------------+------------------------------------------------+------------------------------------------------------------------------------------------------------------+


2. Settings
-----------

2.1 Environment
---------------

+-----------------------+------------------------+
| Ambient Temp (C)      | 25.0                   |
| ThetaJA (C/W)         | 11.5                   |
| Airflow (LFM)         | 250                    |
| Heat Sink             | none                   |
| ThetaSA (C/W)         | 0.0                    |
| Board Selection       | medium (10"x10")       |
| # of Board Layers     | 8to11 (8 to 11 Layers) |
| Board Temperature (C) | 25.0                   |
+-----------------------+------------------------+


2.2 Clock Constraints
---------------------

+--------------------+--------------------------------------------------------------------------------------+-----------------+
| Clock              | Domain                                                                               | Constraint (ns) |
+--------------------+--------------------------------------------------------------------------------------+-----------------+
| clk_fpga_0         | design_1_i/processing_system7_0/inst/FCLK_CLK0                                       |            20.0 |
| clk_fpga_0         | design_1_i/processing_system7_0/inst/FCLK_CLK_unbuffered[0]                          |            20.0 |
| clk_out1_clk_wiz_0 | design_1_i/myip_0/inst/myip_v1_0_S00_AXI_inst/PE_ARRAY/u_clk/inst/clk_out1_clk_wiz_0 |            20.0 |
| clkfbout_clk_wiz_0 | design_1_i/myip_0/inst/myip_v1_0_S00_AXI_inst/PE_ARRAY/u_clk/inst/clkfbout_clk_wiz_0 |            20.0 |
+--------------------+--------------------------------------------------------------------------------------+-----------------+


3. Detailed Reports
-------------------

3.1 By Hierarchy
----------------

+--------------------------+-----------+
| Name                     | Power (W) |
+--------------------------+-----------+
| design_1_wrapper         |     2.348 |
|   design_1_i             |     2.348 |
|     axi_cdma_0           |     0.002 |
|       U0                 |     0.002 |
|     axi_mem_intercon     |     0.002 |
|       s00_couplers       |     0.002 |
|     axi_mem_intercon_1   |     0.003 |
|     blk_mem_gen_0        |     0.011 |
|       U0                 |     0.011 |
|     myip_0               |     0.798 |
|       inst               |     0.798 |
|     processing_system7_0 |     1.531 |
|       inst               |     1.531 |
+--------------------------+-----------+


